<?xml version="1.0" encoding="UTF-8"?>
<testng-results skipped="0" failed="0" total="4" passed="4">
  <reporter-output>
  </reporter-output>
  <suite name="Default suite" duration-ms="279" started-at="2020-03-31T15:22:42Z" finished-at="2020-03-31T15:22:43Z">
    <groups>
    </groups>
    <test name="Default test" duration-ms="279" started-at="2020-03-31T15:22:42Z" finished-at="2020-03-31T15:22:43Z">
      <class name="DemoApp.Demo_Project.ComparisonTest">
        <test-method status="PASS" signature="getDataOfFile1_Test()[pri:0, instance:DemoApp.Demo_Project.ComparisonTest@553f17c]" name="getDataOfFile1_Test" duration-ms="206" started-at="2020-03-31T20:52:42Z" finished-at="2020-03-31T20:52:43Z">
          <reporter-output>
          </reporter-output>
        </test-method> <!-- getDataOfFile1_Test -->
        <test-method status="PASS" signature="getDataOfFile2_Test()[pri:0, instance:DemoApp.Demo_Project.ComparisonTest@553f17c]" name="getDataOfFile2_Test" duration-ms="19" started-at="2020-03-31T20:52:43Z" finished-at="2020-03-31T20:52:43Z">
          <reporter-output>
          </reporter-output>
        </test-method> <!-- getDataOfFile2_Test -->
        <test-method status="PASS" signature="verifyFileDataComparisonTest()[pri:0, instance:DemoApp.Demo_Project.ComparisonTest@553f17c]" name="verifyFileDataComparisonTest" duration-ms="1" started-at="2020-03-31T20:52:43Z" finished-at="2020-03-31T20:52:43Z">
          <reporter-output>
          </reporter-output>
        </test-method> <!-- verifyFileDataComparisonTest -->
        <test-method status="PASS" signature="verifyJSONresponseComparisonTest()[pri:0, instance:DemoApp.Demo_Project.ComparisonTest@553f17c]" name="verifyJSONresponseComparisonTest" duration-ms="2" started-at="2020-03-31T20:52:43Z" finished-at="2020-03-31T20:52:43Z">
          <reporter-output>
          </reporter-output>
        </test-method> <!-- verifyJSONresponseComparisonTest -->
      </class> <!-- DemoApp.Demo_Project.ComparisonTest -->
    </test> <!-- Default test -->
  </suite> <!-- Default suite -->
</testng-results>
